<?xml version="1.0" encoding="UTF-8"?>
<!-- Generated by org.testng.reporters.JUnitReportReporter -->
<testsuite hostname="LQA-HAIDERJAMIL" name="Home.HomePageTest" tests="1" failures="0" timestamp="13 Oct 2021 23:22:04 GMT" time="17.408" errors="0">
  <testcase name="TestUserNavigatesToApplicationFormPage" time="17.408" classname="Home.HomePageTest"/>
</testsuite> <!-- Home.HomePageTest -->
